\BOOKMARK [1][-]{section.1}{\376\377\000S\000y\000s\000t\000e\000m\000\040\000P\000e\000r\000s\000p\000e\000c\000t\000i\000v\000e}{}% 1
\BOOKMARK [2][-]{subsection.1.1}{\376\377\000D\000e\000s\000i\000g\000n\000\040\000a\000n\000d\000\040\000a\000r\000c\000h\000i\000t\000e\000c\000t\000u\000r\000e}{section.1}% 2
\BOOKMARK [3][-]{subsubsection.1.1.1}{\376\377\000D\000e\000s\000i\000g\000n}{subsection.1.1}% 3
\BOOKMARK [3][-]{subsubsection.1.1.2}{\376\377\000D\000e\000p\000l\000o\000y\000m\000e\000n\000t\000\040\000a\000r\000c\000h\000i\000t\000e\000c\000t\000u\000r\000e}{subsection.1.1}% 4
\BOOKMARK [3][-]{subsubsection.1.1.3}{\376\377\000C\000o\000d\000e\000\040\000a\000r\000c\000h\000i\000t\000e\000c\000t\000u\000r\000e\000:}{subsection.1.1}% 5
\BOOKMARK [2][-]{subsection.1.2}{\376\377\000T\000h\000e\000\040\000S\000y\000s\000t\000e\000m\000'\000s\000\040\000D\000e\000p\000e\000n\000d\000e\000n\000c\000i\000e\000s}{section.1}% 6
\BOOKMARK [3][-]{subsubsection.1.2.1}{\376\377\000N\000u\000g\000e\000t}{subsection.1.2}% 7
\BOOKMARK [3][-]{subsubsection.1.2.2}{\376\377\000T\000o\000o\000l\000s\000\040\000\046\000\040\000O\000t\000h\000e\000r\000\040\000D\000e\000p\000e\000n\000d\000e\000n\000c\000i\000e\000s}{subsection.1.2}% 8
\BOOKMARK [2][-]{subsection.1.3}{\376\377\000I\000m\000p\000o\000r\000t\000a\000n\000t\000\040\000i\000n\000t\000e\000r\000a\000c\000t\000i\000o\000n\000s\000\040\000o\000f\000\040\000s\000u\000b\000s\000y\000s\000t\000e\000m\000s}{section.1}% 9
\BOOKMARK [2][-]{subsection.1.4}{\376\377\000T\000h\000e\000\040\000c\000u\000r\000r\000e\000n\000t\000\040\000s\000t\000a\000t\000e\000\040\000o\000f\000\040\000o\000u\000r\000\040\000s\000y\000s\000t\000e\000m\000s}{section.1}% 10
\BOOKMARK [2][-]{subsection.1.5}{\376\377\000L\000i\000c\000e\000n\000s\000e}{section.1}% 11
\BOOKMARK [1][-]{section.2}{\376\377\000P\000r\000o\000c\000e\000s\000s\000\040\000P\000e\000r\000s\000p\000e\000c\000t\000i\000v\000e}{}% 12
\BOOKMARK [2][-]{subsection.2.1}{\376\377\000O\000r\000g\000a\000n\000i\000z\000a\000t\000i\000o\000n\000\040\000o\000f\000\040\000t\000h\000e\000\040\000T\000e\000a\000m}{section.2}% 13
\BOOKMARK [2][-]{subsection.2.2}{\376\377\000O\000r\000g\000a\000n\000i\000z\000a\000t\000i\000o\000n\000\040\000o\000f\000\040\000y\000o\000u\000r\000\040\000r\000e\000p\000o\000s\000i\000t\000o\000r\000y}{section.2}% 14
\BOOKMARK [2][-]{subsection.2.3}{\376\377\000B\000r\000a\000n\000c\000h\000i\000n\000g\000\040\000s\000t\000r\000a\000t\000e\000g\000y}{section.2}% 15
\BOOKMARK [2][-]{subsection.2.4}{\376\377\000C\000I\000/\000C\000D}{section.2}% 16
\BOOKMARK [3][-]{subsubsection.2.4.1}{\376\377\000C\000o\000n\000t\000i\000n\000u\000o\000u\000s\000\040\000d\000e\000p\000l\000o\000y\000m\000e\000n\000t}{subsection.2.4}% 17
\BOOKMARK [3][-]{subsubsection.2.4.2}{\376\377\000C\000o\000n\000t\000i\000n\000u\000o\000u\000s\000\040\000i\000n\000t\000e\000g\000r\000a\000t\000i\000o\000n}{subsection.2.4}% 18
\BOOKMARK [2][-]{subsection.2.5}{\376\377\000D\000e\000v\000e\000l\000o\000p\000m\000e\000n\000t\000\040\000p\000r\000o\000c\000e\000s\000s\000\040\000a\000n\000d\000\040\000t\000o\000o\000l\000s}{section.2}% 19
\BOOKMARK [2][-]{subsection.2.6}{\376\377\000M\000o\000n\000i\000t\000o\000r\000i\000n\000g}{section.2}% 20
\BOOKMARK [3][-]{subsubsection.2.6.1}{\376\377\000N\000e\000t\000D\000a\000t\000a}{subsection.2.6}% 21
\BOOKMARK [3][-]{subsubsection.2.6.2}{\376\377\000P\000r\000o\000m\000e\000t\000h\000e\000u\000s}{subsection.2.6}% 22
\BOOKMARK [3][-]{subsubsection.2.6.3}{\376\377\000V\000i\000s\000u\000a\000l\000i\000z\000a\000t\000i\000o\000n}{subsection.2.6}% 23
\BOOKMARK [2][-]{subsection.2.7}{\376\377\000L\000o\000g\000g\000i\000n\000g}{section.2}% 24
\BOOKMARK [2][-]{subsection.2.8}{\376\377\000\040\000B\000r\000i\000e\000f\000\040\000r\000e\000s\000u\000l\000t\000s\000\040\000o\000f\000\040\000t\000h\000e\000\040\000s\000e\000c\000u\000r\000i\000t\000y\000\040\000a\000s\000s\000e\000s\000s\000m\000e\000n\000t\000.}{section.2}% 25
\BOOKMARK [2][-]{subsection.2.9}{\376\377\000S\000t\000r\000a\000t\000e\000g\000y\000\040\000f\000o\000r\000\040\000s\000c\000a\000l\000i\000n\000g\000\040\000a\000n\000d\000\040\000l\000o\000a\000d\000\040\000b\000a\000l\000a\000n\000c\000i\000n\000g}{section.2}% 26
\BOOKMARK [2][-]{subsection.2.10}{\376\377\000A\000I\000-\000a\000s\000s\000i\000s\000t\000a\000n\000t\000s}{section.2}% 27
\BOOKMARK [3][-]{subsubsection.2.10.1}{\376\377\000E\000x\000p\000l\000a\000i\000n\000\040\000w\000h\000i\000c\000h\000\040\000s\000y\000s\000t\000e\000m\000\050\000s\000\051\000\040\000y\000o\000u\000\040\000u\000s\000e\000d\000\040\000d\000u\000r\000i\000n\000g\000\040\000t\000h\000e\000\040\000p\000r\000o\000j\000e\000c\000t\000.}{subsection.2.10}% 28
\BOOKMARK [3][-]{subsubsection.2.10.2}{\376\377\000R\000e\000f\000l\000e\000c\000t\000\040\000h\000o\000w\000\040\000i\000t\000\040\000s\000u\000p\000p\000o\000r\000t\000e\000d\000/\000h\000i\000n\000d\000e\000r\000e\000d\000\040\000y\000o\000u\000r\000\040\000p\000r\000o\000c\000e\000s\000s\000.}{subsection.2.10}% 29
\BOOKMARK [1][-]{section.3}{\376\377\000L\000e\000s\000s\000o\000n\000s\000\040\000L\000e\000a\000r\000n\000e\000d}{}% 30
\BOOKMARK [2][-]{subsection.3.1}{\376\377\000E\000v\000o\000l\000u\000t\000i\000o\000n\000\040\000a\000n\000d\000\040\000R\000e\000f\000a\000c\000t\000o\000r\000i\000n\000g}{section.3}% 31
\BOOKMARK [2][-]{subsection.3.2}{\376\377\000O\000p\000e\000r\000a\000t\000i\000o\000n}{section.3}% 32
\BOOKMARK [3][-]{subsubsection.3.2.1}{\376\377\000T\000e\000r\000r\000a\000f\000o\000r\000m}{subsection.3.2}% 33
\BOOKMARK [3][-]{subsubsection.3.2.2}{\376\377\000C\000o\000n\000t\000a\000i\000n\000e\000r\000i\000z\000i\000n\000g}{subsection.3.2}% 34
\BOOKMARK [3][-]{subsubsection.3.2.3}{\376\377\000P\000u\000s\000h\000i\000n\000g\000\040\000s\000e\000c\000r\000e\000t\000s\000\040\000t\000o\000\040\000o\000u\000r\000\040\000r\000e\000p\000o\000s\000i\000t\000o\000r\000y}{subsection.3.2}% 35
\BOOKMARK [2][-]{subsection.3.3}{\376\377\000M\000a\000i\000n\000t\000e\000n\000a\000n\000c\000e}{section.3}% 36
\BOOKMARK [3][-]{subsubsection.3.3.1}{\376\377\000K\000e\000e\000p\000i\000n\000g\000\040\000a\000n\000\040\000e\000y\000e\000\040\000o\000n\000\040\000t\000h\000e\000\040\000s\000t\000a\000t\000e\000\040\000o\000f\000\040\000d\000e\000p\000l\000o\000y\000e\000d\000\040\000m\000a\000c\000h\000i\000n\000e\000s}{subsection.3.3}% 37
\BOOKMARK [3][-]{subsubsection.3.3.2}{\376\377\000T\000h\000e\000\040\000d\000a\000n\000g\000e\000r\000\040\000o\000f\000\040\000h\000a\000v\000i\000n\000g\000\040\000a\000\040\000k\000e\000y\000\040\000p\000e\000r\000s\000o\000n\000\040\000w\000i\000t\000h\000\040\000p\000r\000i\000m\000a\000r\000y\000\040\000a\000c\000c\000e\000s\000s\000\040\000t\000o\000\040\000a\000l\000l\000\040\000i\000n\000f\000r\000a\000s\000t\000r\000u\000c\000t\000u\000r\000e}{subsection.3.3}% 38
\BOOKMARK [3][-]{subsubsection.3.3.3}{\376\377\000B\000e\000i\000n\000g\000\040\000C\000a\000r\000e\000f\000u\000l\000\040\000w\000i\000t\000h\000\040\000I\000n\000f\000r\000a\000s\000t\000r\000u\000c\000t\000u\000r\000e\000\040\000C\000h\000a\000n\000g\000e\000s}{subsection.3.3}% 39
\BOOKMARK [2][-]{subsection.3.4}{\376\377\000D\000e\000v\000O\000p\000s}{section.3}% 40
\BOOKMARK [1][-]{section.4}{\376\377\000A\000p\000p\000e\000n\000d\000i\000x}{}% 41
\BOOKMARK [2][-]{subsection.4.1}{\376\377\000S\000i\000m\000u\000l\000a\000t\000i\000o\000n\000\040\000A\000P\000I\000\040\000d\000e\000p\000l\000o\000y\000m\000e\000n\000t\000\040\000d\000i\000a\000g\000r\000a\000m}{section.4}% 42
\BOOKMARK [2][-]{subsection.4.2}{\376\377\000F\000r\000o\000n\000t\000-\000e\000n\000d\000\040\000d\000e\000p\000l\000o\000y\000m\000e\000n\000t\000\040\000d\000i\000a\000g\000r\000a\000m}{section.4}% 43
\BOOKMARK [2][-]{subsection.4.3}{\376\377\000U\000t\000i\000l\000i\000t\000y\000\040\000S\000e\000r\000v\000e\000r\000\040\000d\000e\000p\000l\000o\000y\000m\000e\000n\000t\000\040\000d\000i\000a\000g\000r\000a\000m}{section.4}% 44
\BOOKMARK [2][-]{subsection.4.4}{\376\377\000P\000i\000p\000e\000l\000i\000n\000e\000\040\000f\000r\000o\000m\000\040\000g\000u\000e\000s\000t\000\040\000l\000e\000c\000t\000u\000r\000e}{section.4}% 45
\BOOKMARK [2][-]{subsection.4.5}{\376\377\000L\000i\000c\000e\000n\000s\000e\000s\000\040\000o\000f\000\040\000d\000e\000p\000e\000n\000d\000e\000n\000c\000i\000e\000s}{section.4}% 46
